<?xml version="1.0" encoding="UTF-8"?>
<!-- Generated by org.testng.reporters.JUnitReportReporter -->
<testsuite hostname="vfrankli" failures="0" tests="1" name="com.tester.guiservices.TestDemo1" time="0.004" errors="0" timestamp="7 Aug 2019 05:52:35 GMT">
  <testcase classname="com.tester.guiservices.TestDemo1" name="testcase1" time="0.004"/>
</testsuite> <!-- com.tester.guiservices.TestDemo1 -->
